

============================== 2023-03-06 04:16:47.492044 | 7ef2c688-8666-4fb2-8502-1e5b7119d504 ==============================
[0m04:16:47.492044 [info ] [MainThread]: Running with dbt=1.4.4
[0m04:16:47.492877 [debug] [MainThread]: running dbt with arguments {'write_json': True, 'use_colors': True, 'printer_width': 80, 'version_check': True, 'partial_parse': True, 'static_parser': True, 'profiles_dir': '/Users/megwu/.dbt', 'send_anonymous_usage_stats': True, 'quiet': False, 'no_print': False, 'cache_selected_only': False, 'project_name': 'ae_project', 'skip_profile_setup': False, 'which': 'init', 'indirect_selection': 'eager'}
[0m04:16:47.492980 [debug] [MainThread]: Tracking: tracking
[0m04:16:47.514040 [debug] [MainThread]: Sending event: {'category': 'dbt', 'action': 'invocation', 'label': 'start', 'context': [<snowplow_tracker.self_describing_json.SelfDescribingJson object at 0x7f8d7091ffa0>, <snowplow_tracker.self_describing_json.SelfDescribingJson object at 0x7f8d7092f9a0>, <snowplow_tracker.self_describing_json.SelfDescribingJson object at 0x7f8d7092f7c0>]}
[0m04:16:47.515687 [debug] [MainThread]: Starter project path: /Users/megwu/Documents/dbt_project/ae_project/.venv/lib/python3.8/site-packages/dbt/include/starter_project
[0m04:17:18.363062 [info ] [MainThread]: Profile ae_project written to /Users/megwu/.dbt/profiles.yml using target's profile_template.yml and your supplied values. Run 'dbt debug' to validate the connection.
[0m04:17:18.364072 [info ] [MainThread]: 
Your new dbt project "ae_project" was created!

For more information on how to configure the profiles.yml file,
please consult the dbt documentation here:

  https://docs.getdbt.com/docs/configure-your-profile

One more thing:

Need help? Don't hesitate to reach out to us via GitHub issues or on Slack:

  https://community.getdbt.com/

Happy modeling!

[0m04:17:18.364839 [debug] [MainThread]: Sending event: {'category': 'dbt', 'action': 'invocation', 'label': 'end', 'context': [<snowplow_tracker.self_describing_json.SelfDescribingJson object at 0x7f8d81545b20>, <snowplow_tracker.self_describing_json.SelfDescribingJson object at 0x7f8d7092f6a0>, <snowplow_tracker.self_describing_json.SelfDescribingJson object at 0x7f8d7092f9a0>]}
[0m04:17:18.365374 [debug] [MainThread]: Flushing usage events


============================== 2023-03-06 04:17:26.020620 | f915d7f5-4561-4526-9445-4476a23458ac ==============================
[0m04:17:26.020620 [info ] [MainThread]: Running with dbt=1.4.4
[0m04:17:26.021448 [debug] [MainThread]: running dbt with arguments {'write_json': True, 'use_colors': True, 'printer_width': 80, 'version_check': True, 'partial_parse': True, 'static_parser': True, 'profiles_dir': '/Users/megwu/.dbt', 'send_anonymous_usage_stats': True, 'quiet': False, 'no_print': False, 'cache_selected_only': False, 'config_dir': False, 'which': 'debug', 'indirect_selection': 'eager'}
[0m04:17:26.021556 [debug] [MainThread]: Tracking: tracking
[0m04:17:26.034333 [debug] [MainThread]: Sending event: {'category': 'dbt', 'action': 'invocation', 'label': 'start', 'context': [<snowplow_tracker.self_describing_json.SelfDescribingJson object at 0x7fcaf8f6e040>, <snowplow_tracker.self_describing_json.SelfDescribingJson object at 0x7fcaf8f6ea90>, <snowplow_tracker.self_describing_json.SelfDescribingJson object at 0x7fcaf8f6e760>]}
[0m04:17:26.419973 [debug] [MainThread]: Executing "git --help"
[0m04:17:26.452048 [debug] [MainThread]: STDOUT: "b"usage: git [--version] [--help] [-C <path>] [-c <name>=<value>]\n           [--exec-path[=<path>]] [--html-path] [--man-path] [--info-path]\n           [-p | --paginate | -P | --no-pager] [--no-replace-objects] [--bare]\n           [--git-dir=<path>] [--work-tree=<path>] [--namespace=<name>]\n           [--super-prefix=<path>] [--config-env=<name>=<envvar>]\n           <command> [<args>]\n\nThese are common Git commands used in various situations:\n\nstart a working area (see also: git help tutorial)\n   clone             Clone a repository into a new directory\n   init              Create an empty Git repository or reinitialize an existing one\n\nwork on the current change (see also: git help everyday)\n   add               Add file contents to the index\n   mv                Move or rename a file, a directory, or a symlink\n   restore           Restore working tree files\n   rm                Remove files from the working tree and from the index\n   sparse-checkout   Initialize and modify the sparse-checkout\n\nexamine the history and state (see also: git help revisions)\n   bisect            Use binary search to find the commit that introduced a bug\n   diff              Show changes between commits, commit and working tree, etc\n   grep              Print lines matching a pattern\n   log               Show commit logs\n   show              Show various types of objects\n   status            Show the working tree status\n\ngrow, mark and tweak your common history\n   branch            List, create, or delete branches\n   commit            Record changes to the repository\n   merge             Join two or more development histories together\n   rebase            Reapply commits on top of another base tip\n   reset             Reset current HEAD to the specified state\n   switch            Switch branches\n   tag               Create, list, delete or verify a tag object signed with GPG\n\ncollaborate (see also: git help workflows)\n   fetch             Download objects and refs from another repository\n   pull              Fetch from and integrate with another repository or a local branch\n   push              Update remote refs along with associated objects\n\n'git help -a' and 'git help -g' list available subcommands and some\nconcept guides. See 'git help <command>' or 'git help <concept>'\nto read about a specific subcommand or concept.\nSee 'git help git' for an overview of the system.\n""
[0m04:17:26.452673 [debug] [MainThread]: STDERR: "b''"
[0m04:17:26.453238 [debug] [MainThread]: Sending event: {'category': 'dbt', 'action': 'invocation', 'label': 'end', 'context': [<snowplow_tracker.self_describing_json.SelfDescribingJson object at 0x7fcaf8f6eb50>, <snowplow_tracker.self_describing_json.SelfDescribingJson object at 0x7fcb4a1eff10>, <snowplow_tracker.self_describing_json.SelfDescribingJson object at 0x7fcaf8b6e670>]}
[0m04:17:26.453629 [debug] [MainThread]: Flushing usage events


============================== 2023-03-06 04:17:45.298505 | e203ea7c-2cdf-4ebf-a175-e6fbcc6b977c ==============================
[0m04:17:45.298505 [info ] [MainThread]: Running with dbt=1.4.4
[0m04:17:45.299500 [debug] [MainThread]: running dbt with arguments {'write_json': True, 'use_colors': True, 'printer_width': 80, 'version_check': True, 'partial_parse': True, 'static_parser': True, 'profiles_dir': '/Users/megwu/.dbt', 'send_anonymous_usage_stats': True, 'quiet': False, 'no_print': False, 'cache_selected_only': False, 'config_dir': False, 'which': 'debug', 'indirect_selection': 'eager'}
[0m04:17:45.299602 [debug] [MainThread]: Tracking: tracking
[0m04:17:45.313605 [debug] [MainThread]: Sending event: {'category': 'dbt', 'action': 'invocation', 'label': 'start', 'context': [<snowplow_tracker.self_describing_json.SelfDescribingJson object at 0x7f9270795400>, <snowplow_tracker.self_describing_json.SelfDescribingJson object at 0x7f92707a69d0>, <snowplow_tracker.self_describing_json.SelfDescribingJson object at 0x7f92707a67c0>]}
[0m04:17:45.569092 [debug] [MainThread]: Executing "git --help"
[0m04:17:45.591149 [debug] [MainThread]: STDOUT: "b"usage: git [--version] [--help] [-C <path>] [-c <name>=<value>]\n           [--exec-path[=<path>]] [--html-path] [--man-path] [--info-path]\n           [-p | --paginate | -P | --no-pager] [--no-replace-objects] [--bare]\n           [--git-dir=<path>] [--work-tree=<path>] [--namespace=<name>]\n           [--super-prefix=<path>] [--config-env=<name>=<envvar>]\n           <command> [<args>]\n\nThese are common Git commands used in various situations:\n\nstart a working area (see also: git help tutorial)\n   clone             Clone a repository into a new directory\n   init              Create an empty Git repository or reinitialize an existing one\n\nwork on the current change (see also: git help everyday)\n   add               Add file contents to the index\n   mv                Move or rename a file, a directory, or a symlink\n   restore           Restore working tree files\n   rm                Remove files from the working tree and from the index\n   sparse-checkout   Initialize and modify the sparse-checkout\n\nexamine the history and state (see also: git help revisions)\n   bisect            Use binary search to find the commit that introduced a bug\n   diff              Show changes between commits, commit and working tree, etc\n   grep              Print lines matching a pattern\n   log               Show commit logs\n   show              Show various types of objects\n   status            Show the working tree status\n\ngrow, mark and tweak your common history\n   branch            List, create, or delete branches\n   commit            Record changes to the repository\n   merge             Join two or more development histories together\n   rebase            Reapply commits on top of another base tip\n   reset             Reset current HEAD to the specified state\n   switch            Switch branches\n   tag               Create, list, delete or verify a tag object signed with GPG\n\ncollaborate (see also: git help workflows)\n   fetch             Download objects and refs from another repository\n   pull              Fetch from and integrate with another repository or a local branch\n   push              Update remote refs along with associated objects\n\n'git help -a' and 'git help -g' list available subcommands and some\nconcept guides. See 'git help <command>' or 'git help <concept>'\nto read about a specific subcommand or concept.\nSee 'git help git' for an overview of the system.\n""
[0m04:17:45.591710 [debug] [MainThread]: STDERR: "b''"
[0m04:17:45.610533 [debug] [MainThread]: Acquiring new bigquery connection 'debug'
[0m04:17:45.611037 [debug] [MainThread]: Opening a new connection, currently in state init
[0m04:17:46.595802 [debug] [MainThread]: On debug: select 1 as id
[0m04:17:47.576711 [debug] [MainThread]: BigQuery adapter: https://console.cloud.google.com/bigquery?project=ae-bootcamp-379604&j=bq:US:6424b0b9-c95b-45de-9f4b-78c005579b00&page=queryresults
[0m04:17:47.579011 [debug] [MainThread]: Sending event: {'category': 'dbt', 'action': 'invocation', 'label': 'end', 'context': [<snowplow_tracker.self_describing_json.SelfDescribingJson object at 0x7f92707ad520>, <snowplow_tracker.self_describing_json.SelfDescribingJson object at 0x7f9282e59f10>, <snowplow_tracker.self_describing_json.SelfDescribingJson object at 0x7f9282e59250>]}
[0m04:17:47.579938 [debug] [MainThread]: Flushing usage events
[0m04:17:47.741438 [debug] [MainThread]: Connection 'debug' was properly closed.


============================== 2023-03-06 04:25:13.859889 | b65fb7e7-3862-4eeb-a8dc-b2e9a7c442bc ==============================
[0m04:25:13.859889 [info ] [MainThread]: Running with dbt=1.4.4
[0m04:25:13.860887 [debug] [MainThread]: running dbt with arguments {'write_json': True, 'use_colors': True, 'printer_width': 80, 'version_check': True, 'partial_parse': True, 'static_parser': True, 'profiles_dir': '/Users/megwu/.dbt', 'send_anonymous_usage_stats': True, 'quiet': False, 'no_print': False, 'cache_selected_only': False, 'config_dir': False, 'which': 'debug', 'indirect_selection': 'eager'}
[0m04:25:13.860990 [debug] [MainThread]: Tracking: tracking
[0m04:25:13.883253 [debug] [MainThread]: Sending event: {'category': 'dbt', 'action': 'invocation', 'label': 'start', 'context': [<snowplow_tracker.self_describing_json.SelfDescribingJson object at 0x7fe770d7df70>, <snowplow_tracker.self_describing_json.SelfDescribingJson object at 0x7fe770d8fa60>, <snowplow_tracker.self_describing_json.SelfDescribingJson object at 0x7fe770d8f730>]}
[0m04:25:14.145220 [debug] [MainThread]: Executing "git --help"
[0m04:25:14.178135 [debug] [MainThread]: STDOUT: "b"usage: git [--version] [--help] [-C <path>] [-c <name>=<value>]\n           [--exec-path[=<path>]] [--html-path] [--man-path] [--info-path]\n           [-p | --paginate | -P | --no-pager] [--no-replace-objects] [--bare]\n           [--git-dir=<path>] [--work-tree=<path>] [--namespace=<name>]\n           [--super-prefix=<path>] [--config-env=<name>=<envvar>]\n           <command> [<args>]\n\nThese are common Git commands used in various situations:\n\nstart a working area (see also: git help tutorial)\n   clone             Clone a repository into a new directory\n   init              Create an empty Git repository or reinitialize an existing one\n\nwork on the current change (see also: git help everyday)\n   add               Add file contents to the index\n   mv                Move or rename a file, a directory, or a symlink\n   restore           Restore working tree files\n   rm                Remove files from the working tree and from the index\n   sparse-checkout   Initialize and modify the sparse-checkout\n\nexamine the history and state (see also: git help revisions)\n   bisect            Use binary search to find the commit that introduced a bug\n   diff              Show changes between commits, commit and working tree, etc\n   grep              Print lines matching a pattern\n   log               Show commit logs\n   show              Show various types of objects\n   status            Show the working tree status\n\ngrow, mark and tweak your common history\n   branch            List, create, or delete branches\n   commit            Record changes to the repository\n   merge             Join two or more development histories together\n   rebase            Reapply commits on top of another base tip\n   reset             Reset current HEAD to the specified state\n   switch            Switch branches\n   tag               Create, list, delete or verify a tag object signed with GPG\n\ncollaborate (see also: git help workflows)\n   fetch             Download objects and refs from another repository\n   pull              Fetch from and integrate with another repository or a local branch\n   push              Update remote refs along with associated objects\n\n'git help -a' and 'git help -g' list available subcommands and some\nconcept guides. See 'git help <command>' or 'git help <concept>'\nto read about a specific subcommand or concept.\nSee 'git help git' for an overview of the system.\n""
[0m04:25:14.178706 [debug] [MainThread]: STDERR: "b''"
[0m04:25:14.188526 [debug] [MainThread]: Acquiring new bigquery connection 'debug'
[0m04:25:14.189117 [debug] [MainThread]: Opening a new connection, currently in state init
[0m04:25:14.895618 [debug] [MainThread]: On debug: select 1 as id
[0m04:25:16.049307 [debug] [MainThread]: BigQuery adapter: https://console.cloud.google.com/bigquery?project=ae-bootcamp-379604&j=bq:US:bc07e832-08e4-4a82-a274-aaa9cb316426&page=queryresults
[0m04:25:16.050733 [debug] [MainThread]: Sending event: {'category': 'dbt', 'action': 'invocation', 'label': 'end', 'context': [<snowplow_tracker.self_describing_json.SelfDescribingJson object at 0x7fe7606e2430>, <snowplow_tracker.self_describing_json.SelfDescribingJson object at 0x7fe7606d02e0>, <snowplow_tracker.self_describing_json.SelfDescribingJson object at 0x7fe7606d0c40>]}
[0m04:25:16.051522 [debug] [MainThread]: Flushing usage events
[0m04:25:16.270218 [debug] [MainThread]: Connection 'debug' was properly closed.
